<?xml version="1.0" encoding="UTF-8"?>
<!-- Generated by org.testng.reporters.JUnitReportReporter -->
<testsuite hostname="DESKTOP-PFTUO8G" failures="0" tests="4" name="test_Scenarios1.SignInTest" time="49.744" errors="0" timestamp="2024-03-10T12:16:13 IST" skipped="0">
  <testcase classname="test_Scenarios1.SignInTest" name="testValidSignIn" time="8.655"/>
  <testcase classname="test_Scenarios1.SignInTest" name="testResidentLogin" time="12.962"/>
  <testcase classname="test_Scenarios1.SignInTest" name="testViewApp" time="6.268"/>
  <testcase classname="test_Scenarios1.SignInTest" name="viewAppPage" time="21.859"/>
</testsuite> <!-- test_Scenarios1.SignInTest -->
