<?xml version="1.0" encoding="UTF-8"?>
<!-- Generated by org.testng.reporters.JUnitReportReporter -->
<testsuite hostname="DESKTOP-PFTUO8G" failures="0" tests="1" name="Demo.demoP.GeoLocationTest" time="16.716" errors="0" timestamp="5 Mar 2024 16:59:04 GMT">
  <testcase classname="Demo.demoP.GeoLocationTest" name="Geolocation" time="16.716"/>
</testsuite> <!-- Demo.demoP.GeoLocationTest -->
