<?xml version="1.0" encoding="UTF-8"?>
<!-- Generated by org.testng.reporters.JUnitReportReporter -->
<testsuite hostname="DESKTOP-PFTUO8G" failures="0" tests="3" name="Demo.demoP.Test2" time="5.527" errors="0" timestamp="2024-03-07T15:38:54 IST" skipped="0">
  <testcase classname="Demo.demoP.Test2" name="verifyTitle" time="0.017"/>
  <testcase classname="Demo.demoP.Test2" name="mouseHover" time="5.182"/>
  <testcase classname="Demo.demoP.Test2" name="verifyLogo" time="0.328"/>
</testsuite> <!-- Demo.demoP.Test2 -->
