<?xml version="1.0" encoding="UTF-8"?>
<!-- Generated by org.testng.reporters.JUnitReportReporter -->
<testsuite hostname="DESKTOP-PFTUO8G" failures="0" tests="1" name="test_Scenarios1.WatchDemo" time="9.798" errors="0" timestamp="2024-03-10T12:55:24 IST" skipped="0">
  <testcase classname="test_Scenarios1.WatchDemo" name="validateWatchDemoButton" time="9.798"/>
</testsuite> <!-- test_Scenarios1.WatchDemo -->
