<?xml version="1.0" encoding="UTF-8"?>
<!-- Generated by org.testng.reporters.JUnitReportReporter -->
<testsuite hostname="DESKTOP-PFTUO8G" failures="0" tests="4" name="test_Scenarios1.SignInTest" time="17.105" errors="0" timestamp="2024-03-11T12:24:51 IST" skipped="0">
  <testcase classname="test_Scenarios1.SignInTest" name="testValidSignIn" time="4.183"/>
  <testcase classname="test_Scenarios1.SignInTest" name="testResidentLogin" time="7.808"/>
  <testcase classname="test_Scenarios1.SignInTest" name="testViewApp" time="1.260"/>
  <testcase classname="test_Scenarios1.SignInTest" name="viewAppPage" time="3.854"/>
</testsuite> <!-- test_Scenarios1.SignInTest -->
