<?xml version="1.0" encoding="UTF-8"?>
<!-- Generated by org.testng.reporters.JUnitReportReporter -->
<testsuite hostname="DESKTOP-PFTUO8G" failures="0" tests="1" name="Demo.demoP.DemoB1" time="0.252" errors="0" timestamp="2024-03-06T20:25:34 IST" skipped="0">
  <testcase classname="Demo.demoP.DemoB1" name="verifyLogo" time="0.252"/>
</testsuite> <!-- Demo.demoP.DemoB1 -->
