<?xml version="1.0" encoding="UTF-8"?>
<!-- Generated by org.testng.reporters.JUnitReportReporter -->
<testsuite hostname="DESKTOP-PFTUO8G" failures="0" tests="2" name="test_Scenarios1.LaunchEntrataURL" time="0.129" errors="0" timestamp="2024-03-09T22:55:11 IST" skipped="0">
  <testcase classname="test_Scenarios1.LaunchEntrataURL" name="verifyTitle" time="0.011"/>
  <testcase classname="test_Scenarios1.LaunchEntrataURL" name="verifyLogo" time="0.118"/>
</testsuite> <!-- test_Scenarios1.LaunchEntrataURL -->
