<?xml version="1.0" encoding="UTF-8"?>
<!-- Generated by org.testng.reporters.JUnitReportReporter -->
<testsuite hostname="DESKTOP-PFTUO8G" failures="0" tests="2" name="Demo.demoP.LaunchEntrataURL" time="0.174" errors="0" timestamp="2024-03-07T15:46:24 IST" skipped="0">
  <testcase classname="Demo.demoP.LaunchEntrataURL" name="verifyTitle" time="0.017"/>
  <testcase classname="Demo.demoP.LaunchEntrataURL" name="verifyLogo" time="0.157"/>
</testsuite> <!-- Demo.demoP.LaunchEntrataURL -->
