<?xml version="1.0" encoding="UTF-8"?>
<!-- Generated by org.testng.reporters.JUnitReportReporter -->
<testsuite hostname="DESKTOP-PFTUO8G" failures="0" tests="8" name="test_Scenarios1.Test2" time="11.680" errors="0" timestamp="2024-03-10T12:16:13 IST" skipped="0">
  <testcase classname="test_Scenarios1.Test2" name="verifyTitle" time="0.013"/>
  <testcase classname="test_Scenarios1.Test2" name="verifyLogo" time="0.054"/>
  <testcase classname="test_Scenarios1.Test2" name="mouseHover" time="0.435"/>
  <testcase classname="test_Scenarios1.Test2" name="mouseHover1" time="1.477"/>
  <testcase classname="test_Scenarios1.Test2" name="mouseHover2" time="1.415"/>
  <testcase classname="test_Scenarios1.Test2" name="mouseHover3" time="0.938"/>
  <testcase classname="test_Scenarios1.Test2" name="mouseHoverNew" time="2.064"/>
  <testcase classname="test_Scenarios1.Test2" name="mouseHover4" time="5.284"/>
</testsuite> <!-- test_Scenarios1.Test2 -->
