<?xml version="1.0" encoding="UTF-8"?>
<!-- Generated by org.testng.reporters.JUnitReportReporter -->
<testsuite hostname="DESKTOP-PFTUO8G" failures="0" tests="4" name="test_Scenarios1.Test2" time="7.992" errors="0" timestamp="2024-03-11T11:46:43 IST" skipped="0">
  <testcase classname="test_Scenarios1.Test2" name="verifyTitle" time="0.027"/>
  <testcase classname="test_Scenarios1.Test2" name="verifyLogo" time="0.090"/>
  <testcase classname="test_Scenarios1.Test2" name="mouseHover" time="0.442"/>
  <testcase classname="test_Scenarios1.Test2" name="mouseHoverNew" time="7.433"/>
</testsuite> <!-- test_Scenarios1.Test2 -->
